[master 30a6487] Daily report 2026-01-25
 3 files changed, 546 insertions(+)
 create mode 100644 2026/01/25/geoai_world-model_dashboard_2026-01-25.md
 create mode 100644 2026/01/25/geoai_world-model_dashboard_en_2026-01-25.md
 create mode 100644 daily_task.log
remote: Powered by [01;33mGITEE.COM [0m[1.1.23]        
remote: Set trace flag d3450aa4        
To https://gitee.com/stpku/st-daily-report.git
   6a46f5b..30a6487  master -> master
Successfully generated /mnt/d/04_代码/code/ST-dailyreport/2026/01/25/geoai_world-model_dashboard_2026-01-25.md from /mnt/d/04_代码/code/sandbox/doc/view/geoai_world-model_dashboard_2026-01-22.md
Successfully generated /mnt/d/04_代码/code/ST-dailyreport/2026/01/25/geoai_world-model_dashboard_en_2026-01-25.md from /mnt/d/04_代码/code/sandbox/doc/view/geoai_world-model_dashboard_en_2026-01-22.md
Successfully pushed to Gitee.
[master 6c37cd9] Daily report 2026-01-26
 1 file changed, 86 insertions(+)
 create mode 100644 2026/01/26/geoai_world-model_dashboard_2026-01-26.md
remote: Powered by [01;33mGITEE.COM [0m[1.1.23]        
remote: Set trace flag e44f8c81        
To https://gitee.com/stpku/st-daily-report.git
   e2e34dc..6c37cd9  master -> master
Successfully generated /mnt/d/04_代码/code/ST-dailyreport/2026/01/26/geoai_world-model_dashboard_2026-01-26.md from /mnt/d/04_代码/code/sandbox/doc/view/geoai_world-model_dashboard_2026-01-25.md
Successfully pushed to Gitee.
